c:\users\zhanet petkova\documents\school\physics-project\program\program\x64\debug\vc143.pdb
c:\users\zhanet petkova\documents\school\physics-project\program\program\x64\debug\vc143.idb
c:\users\zhanet petkova\documents\school\physics-project\program\program\x64\debug\test.obj
c:\users\zhanet petkova\documents\school\physics-project\program\program\x64\debug\simulations.obj
c:\users\zhanet petkova\documents\school\physics-project\program\program\x64\debug\program.obj
c:\users\zhanet petkova\documents\school\physics-project\program\program\x64\debug\calculators.obj
c:\users\zhanet petkova\documents\school\physics-project\program\program\x64\debug\createsimulation.obj
c:\users\zhanet petkova\documents\school\physics-project\program\program\x64\debug\createsimulation.nativecodeanalysis.sarif
c:\users\zhanet petkova\documents\school\physics-project\program\program\x64\debug\createsimulation.nativecodeanalysis.xml
c:\users\zhanet petkova\documents\school\physics-project\program\x64\debug\program.exe
c:\users\zhanet petkova\documents\school\physics-project\program\program\x64\debug\program.ilk
c:\users\zhanet petkova\documents\school\physics-project\program\x64\debug\program.pdb
c:\users\zhanet petkova\documents\school\physics-project\program\program\x64\debug\nativecodeanalysis.read.1.tlog
c:\users\zhanet petkova\documents\school\physics-project\program\program\x64\debug\vc.nativecodeanalysis.all.xml
c:\users\zhanet petkova\documents\school\physics-project\program\x64\debug\program.exe.lastcodeanalysissucceeded
c:\users\zhanet petkova\documents\school\physics-project\program\program\x64\debug\program.tlog\cl.command.1.tlog
c:\users\zhanet petkova\documents\school\physics-project\program\program\x64\debug\program.tlog\cl.read.1.tlog
c:\users\zhanet petkova\documents\school\physics-project\program\program\x64\debug\program.tlog\cl.write.1.tlog
c:\users\zhanet petkova\documents\school\physics-project\program\program\x64\debug\program.tlog\link.command.1.tlog
c:\users\zhanet petkova\documents\school\physics-project\program\program\x64\debug\program.tlog\link.read.1.tlog
c:\users\zhanet petkova\documents\school\physics-project\program\program\x64\debug\program.tlog\link.write.1.tlog
